objc[21641]: Class AXEmojiUtilities is implemented in both /Applications/Xcode.app/Contents/Developer/Platforms/iPhoneSimulator.platform/Developer/SDKs/iPhoneSimulator7.1.sdk/System/Library/PrivateFrameworks/AccessibilityUtilities.framework/AccessibilityUtilities and /Applications/Xcode.app/Contents/Developer/Platforms/iPhoneSimulator.platform/Developer/SDKs/iPhoneSimulator7.1.sdk/usr/lib/libAXSpeechManager.dylib. One of the two will be used. Which one is undefined.
2014-06-11 21:32:42.941 SFContacts[21641:70b] Cannot find executable for CFBundle 0xa546b80 </Applications/Xcode.app/Contents/Developer/Platforms/iPhoneSimulator.platform/Developer/SDKs/iPhoneSimulator7.1.sdk/System/Library/AccessibilityBundles/CertUIFramework.axbundle> (not loaded)
2014-06-11 21:32:42.962 SFContacts[21641:70b] Cannot find executable for CFBundle 0xf938760 </Applications/Xcode.app/Contents/Developer/Platforms/iPhoneSimulator.platform/Developer/SDKs/iPhoneSimulator7.1.sdk/System/Library/AccessibilityBundles/GeoServices.axbundle> (not loaded)
2014-06-11 21:32:43.705 SFContacts[21641:70b] Multi-tasking -> Device: YES, App: YES
2014-06-11 21:32:45.084 SFContacts[21641:70b] Unlimited access to network resources
2014-06-11 21:32:51.234 SFContacts[21641:70b] [CDVTimer][keyboard] 45.799971ms
2014-06-11 21:32:53.784 SFContacts[21641:70b] [CDVTimer][statusbar] 2527.598023ms
2014-06-11 21:32:53.785 SFContacts[21641:70b] [CDVTimer][TotalPluginStartup] 2596.742988ms
2014-06-11 21:32:58.172 SFContacts[21641:70b] Resetting plugins due to page load.
2014-06-11 21:33:15.624 SFContacts[21641:70b] Finished load of: file:///Users/evolmark/Library/Application%20Support/iPhone%20Simulator/7.1/Applications/EA03A520-C497-45F1-A50F-E96F76F7740C/SFContacts.app/www/index.html#/tab/dash
2014-06-11 21:33:18.565 SFContacts[21641:70b] THREAD WARNING: ['Device'] took '730.822266' ms. Plugin should use a background thread.
2014-06-11 21:33:19.529 SFContacts[21641:70b] THREAD WARNING: ['StatusBar'] took '27.118896' ms. Plugin should use a background thread.
2014-06-11 21:33:19.530 SFContacts[21641:70b] auth.get--> {"access_token":"00Dd0000000esVv!ARIAQKg9EhxNoGL52FzPnUvqtxHRuORg7byg3Hf7BoPMbyjjjsjcoiChStPYgMG7VWOT4XcqW36qU.AnbLo.ah7vgLcvCb16","refresh_token":"5Aep861.EkZJuT7_lskhRT6Eq0czYamE_wtb0IvwOjfzfLmeRaLHzbzwk7kA9.TgXH7JVture2eZnqrlB5Ylnpc","instance_url":"https://na14.salesforce.com","id":"https://login.salesforce.com/id/00Dd0000000esVvEAI/005d0000000z1CgAAI","issued_at":"1402535614428","signature":"sm5KXrdia65OjLGnqCG/SAkh2l9NZ1XvCFSbEZk7mfM=","scope":"id+api+web+full+chatter_api+visualforce+refresh_token+openid","token_type":"Bearer"}
2014-06-11 21:33:27.261 SFContacts[21641:70b] auth.get--> {"access_token":"00Dd0000000esVv!ARIAQKg9EhxNoGL52FzPnUvqtxHRuORg7byg3Hf7BoPMbyjjjsjcoiChStPYgMG7VWOT4XcqW36qU.AnbLo.ah7vgLcvCb16","refresh_token":"5Aep861.EkZJuT7_lskhRT6Eq0czYamE_wtb0IvwOjfzfLmeRaLHzbzwk7kA9.TgXH7JVture2eZnqrlB5Ylnpc","instance_url":"https://na14.salesforce.com","id":"https://login.salesforce.com/id/00Dd0000000esVvEAI/005d0000000z1CgAAI","issued_at":"1402535614428","signature":"sm5KXrdia65OjLGnqCG/SAkh2l9NZ1XvCFSbEZk7mfM=","scope":"id+api+web+full+chatter_api+visualforce+refresh_token+openid","token_type":"Bearer"}
2014-06-11 21:33:27.292 SFContacts[21641:70b] THREAD WARNING: ['Console'] took '30.195312' ms. Plugin should use a background thread.
objc[21829]: Class AXEmojiUtilities is implemented in both /Applications/Xcode.app/Contents/Developer/Platforms/iPhoneSimulator.platform/Developer/SDKs/iPhoneSimulator7.1.sdk/System/Library/PrivateFrameworks/AccessibilityUtilities.framework/AccessibilityUtilities and /Applications/Xcode.app/Contents/Developer/Platforms/iPhoneSimulator.platform/Developer/SDKs/iPhoneSimulator7.1.sdk/usr/lib/libAXSpeechManager.dylib. One of the two will be used. Which one is undefined.
2014-06-11 21:33:37.936 SFContacts[21829:70b] Cannot find executable for CFBundle 0xa778e40 </Applications/Xcode.app/Contents/Developer/Platforms/iPhoneSimulator.platform/Developer/SDKs/iPhoneSimulator7.1.sdk/System/Library/AccessibilityBundles/GeoServices.axbundle> (not loaded)
2014-06-11 21:33:37.945 SFContacts[21829:70b] Cannot find executable for CFBundle 0xa327690 </Applications/Xcode.app/Contents/Developer/Platforms/iPhoneSimulator.platform/Developer/SDKs/iPhoneSimulator7.1.sdk/System/Library/AccessibilityBundles/CertUIFramework.axbundle> (not loaded)
2014-06-11 21:33:38.326 SFContacts[21829:70b] Multi-tasking -> Device: YES, App: YES
2014-06-11 21:33:38.332 SFContacts[21829:70b] Unlimited access to network resources
2014-06-11 21:33:38.361 SFContacts[21829:70b] [CDVTimer][keyboard] 0.065029ms
2014-06-11 21:33:38.502 SFContacts[21829:70b] [CDVTimer][statusbar] 140.866995ms
2014-06-11 21:33:38.503 SFContacts[21829:70b] [CDVTimer][TotalPluginStartup] 141.950965ms
2014-06-11 21:33:39.392 SFContacts[21829:70b] Resetting plugins due to page load.
2014-06-11 21:33:39.839 SFContacts[21829:70b] Finished load of: file:///Users/evolmark/Library/Application%20Support/iPhone%20Simulator/7.1/Applications/EA03A520-C497-45F1-A50F-E96F76F7740C/SFContacts.app/www/index.html#/tab/dash
2014-06-11 21:33:40.002 SFContacts[21829:70b] auth.get--> {"access_token":"00Dd0000000esVv!ARIAQKg9EhxNoGL52FzPnUvqtxHRuORg7byg3Hf7BoPMbyjjjsjcoiChStPYgMG7VWOT4XcqW36qU.AnbLo.ah7vgLcvCb16","refresh_token":"5Aep861.EkZJuT7_lskhRT6Eq0czYamE_wtb0IvwOjfzfLmeRaLHzbzwk7kA9.TgXH7JVture2eZnqrlB5Ylnpc","instance_url":"https://na14.salesforce.com","id":"https://login.salesforce.com/id/00Dd0000000esVvEAI/005d0000000z1CgAAI","issued_at":"1402535614428","signature":"sm5KXrdia65OjLGnqCG/SAkh2l9NZ1XvCFSbEZk7mfM=","scope":"id+api+web+full+chatter_api+visualforce+refresh_token+openid","token_type":"Bearer"}
